TN:
SF:/Users/mollyelfers/Desktop/Projects/butterfly-critique/src/constants.js
FNF:0
FNH:0
DA:3,1
LF:1
LH:1
BRF:0
BRH:0
end_of_record
TN:
SF:/Users/mollyelfers/Desktop/Projects/butterfly-critique/src/index.js
FN:15,createApp
FN:22,(anonymous_1)
FN:31,(anonymous_2)
FN:41,(anonymous_3)
FN:51,(anonymous_4)
FN:76,(anonymous_5)
FN:93,(anonymous_6)
FN:119,(anonymous_7)
FN:136,(anonymous_8)
FNF:9
FNH:8
FNDA:1,createApp
FNDA:1,(anonymous_1)
FNDA:2,(anonymous_2)
FNDA:0,(anonymous_3)
FNDA:4,(anonymous_4)
FNDA:3,(anonymous_5)
FNDA:4,(anonymous_6)
FNDA:3,(anonymous_7)
FNDA:3,(anonymous_8)
DA:3,1
DA:4,1
DA:5,1
DA:6,1
DA:8,1
DA:13,1
DA:16,1
DA:17,1
DA:19,1
DA:20,1
DA:22,1
DA:23,1
DA:31,1
DA:32,2
DA:37,2
DA:38,1
DA:41,1
DA:42,0
DA:44,1
DA:51,1
DA:52,4
DA:53,4
DA:55,3
DA:58,1
DA:63,1
DA:68,1
DA:76,1
DA:77,3
DA:82,3
DA:83,1
DA:86,2
DA:93,1
DA:94,4
DA:95,4
DA:97,3
DA:100,1
DA:105,1
DA:110,1
DA:119,1
DA:120,3
DA:125,3
DA:126,1
DA:129,2
DA:136,1
DA:137,3
DA:138,3
DA:140,2
DA:143,1
DA:148,1
DA:153,1
DA:156,1
DA:160,1
DA:171,1
LF:53
LH:52
BRDA:37,0,0,1
BRDA:37,0,1,1
BRDA:82,1,0,1
BRDA:82,1,1,2
BRDA:125,2,0,1
BRDA:125,2,1,2
BRDA:160,3,0,1
BRF:7
BRH:7
end_of_record
TN:
SF:/Users/mollyelfers/Desktop/Projects/butterfly-critique/src/validators.js
FNF:0
FNH:0
DA:3,2
DA:5,2
DA:13,2
DA:19,2
DA:27,2
LF:5
LH:5
BRF:0
BRH:0
end_of_record
