TN:
SF:/Users/mollyelfers/Desktop/Projects/butterfly-critique/src/constants.js
FNF:0
FNH:0
DA:3,1
LF:1
LH:1
BRF:0
BRH:0
end_of_record
TN:
SF:/Users/mollyelfers/Desktop/Projects/butterfly-critique/src/index.js
FN:15,createApp
FN:22,(anonymous_1)
FN:31,(anonymous_2)
FN:41,(anonymous_3)
FN:51,(anonymous_4)
FN:77,(anonymous_5)
FN:94,(anonymous_6)
FN:120,(anonymous_7)
FN:137,(anonymous_8)
FNF:9
FNH:8
FNDA:1,createApp
FNDA:1,(anonymous_1)
FNDA:2,(anonymous_2)
FNDA:0,(anonymous_3)
FNDA:4,(anonymous_4)
FNDA:3,(anonymous_5)
FNDA:4,(anonymous_6)
FNDA:3,(anonymous_7)
FNDA:3,(anonymous_8)
DA:3,1
DA:4,1
DA:5,1
DA:6,1
DA:8,1
DA:13,1
DA:16,1
DA:17,1
DA:19,1
DA:20,1
DA:22,1
DA:23,1
DA:31,1
DA:32,2
DA:37,2
DA:38,1
DA:41,1
DA:42,0
DA:44,1
DA:51,1
DA:52,4
DA:53,4
DA:54,4
DA:56,3
DA:59,1
DA:64,1
DA:69,1
DA:77,1
DA:78,3
DA:83,3
DA:84,1
DA:87,2
DA:94,1
DA:95,4
DA:96,4
DA:98,3
DA:101,1
DA:106,1
DA:111,1
DA:120,1
DA:121,3
DA:126,3
DA:127,1
DA:130,2
DA:137,1
DA:138,3
DA:139,3
DA:141,2
DA:144,1
DA:149,1
DA:154,1
DA:157,1
DA:161,1
DA:172,1
LF:54
LH:53
BRDA:37,0,0,1
BRDA:37,0,1,1
BRDA:83,1,0,1
BRDA:83,1,1,2
BRDA:126,2,0,1
BRDA:126,2,1,2
BRDA:161,3,0,1
BRF:7
BRH:7
end_of_record
TN:
SF:/Users/mollyelfers/Desktop/Projects/butterfly-critique/src/validators.js
FNF:0
FNH:0
DA:3,2
DA:5,2
DA:13,2
DA:19,2
DA:27,2
LF:5
LH:5
BRF:0
BRH:0
end_of_record
